app/build/intermediates/manifest_merge_blame_file/debug/processDebugMainManifest/manifest-merger-blame-debug-report.txt
1<?xml version="1.0" encoding="utf-8"?>
2<manifest xmlns:android="http://schemas.android.com/apk/res/android"
3    package="com.example.aplicacionpro"
4    android:versionCode="1"
5    android:versionName="1.0" >
6
7    <uses-sdk
7-->INJECTED
8        android:minSdkVersion="24"
8-->INJECTED
9        android:targetSdkVersion="36" />
9-->INJECTED
10
11    <uses-permission android:name="android.permission.INTERNET" />
11-->src/main/AndroidManifest.xml:5:5-67
11-->src/main/AndroidManifest.xml:5:22-64
12    <uses-permission android:name="android.permission.ACCESS_NETWORK_STATE" />
12-->src/main/AndroidManifest.xml:6:5-79
12-->src/main/AndroidManifest.xml:6:22-76
13    <uses-permission android:name="android.permission.BLUETOOTH" />
13-->src/main/AndroidManifest.xml:7:5-68
13-->src/main/AndroidManifest.xml:7:22-65
14    <uses-permission android:name="android.permission.BLUETOOTH_ADMIN" />
14-->src/main/AndroidManifest.xml:8:5-74
14-->src/main/AndroidManifest.xml:8:22-71
15    <uses-permission android:name="android.permission.BLUETOOTH_CONNECT" />
15-->src/main/AndroidManifest.xml:9:5-76
15-->src/main/AndroidManifest.xml:9:22-73
16    <uses-permission android:name="android.permission.BLUETOOTH_SCAN" />
16-->src/main/AndroidManifest.xml:10:5-73
16-->src/main/AndroidManifest.xml:10:22-70
17    <uses-permission android:name="android.permission.ACCESS_FINE_LOCATION" />
17-->src/main/AndroidManifest.xml:11:5-79
17-->src/main/AndroidManifest.xml:11:22-76
18    <uses-permission android:name="android.permission.ACCESS_COARSE_LOCATION" />
18-->src/main/AndroidManifest.xml:12:5-81
18-->src/main/AndroidManifest.xml:12:22-78
19    <uses-permission android:name="android.permission.POST_NOTIFICATIONS" />
19-->src/main/AndroidManifest.xml:13:5-77
19-->src/main/AndroidManifest.xml:13:22-74
20
21    <permission
21-->[androidx.core:core:1.19.0] AndroidManifest.xml:22:5-24:47
22        android:name="com.example.aplicacionpro.DYNAMIC_RECEIVER_NOT_EXPORTED_PERMISSION"
22-->[androidx.core:core:1.19.0] AndroidManifest.xml:23:9-81
23        android:protectionLevel="signature" />
23-->[androidx.core:core:1.19.0] AndroidManifest.xml:24:9-44
24
25    <uses-permission android:name="com.example.aplicacionpro.DYNAMIC_RECEIVER_NOT_EXPORTED_PERMISSION" />
25-->[androidx.core:core:1.19.0] AndroidManifest.xml:26:5-97
25-->[androidx.core:core:1.19.0] AndroidManifest.xml:26:22-94
26
27    <application
27-->src/main/AndroidManifest.xml:15:5-35:19
28        android:allowBackup="true"
28-->src/main/AndroidManifest.xml:16:9-35
29        android:appComponentFactory="androidx.core.app.CoreComponentFactory"
29-->[androidx.core:core:1.19.0] AndroidManifest.xml:28:18-86
30        android:dataExtractionRules="@xml/data_extraction_rules"
30-->src/main/AndroidManifest.xml:17:9-65
31        android:debuggable="true"
32        android:extractNativeLibs="false"
32-->INJECTED
33        android:fullBackupContent="@xml/backup_rules"
33-->src/main/AndroidManifest.xml:18:9-54
34        android:icon="@android:mipmap/sym_def_app_icon"
34-->src/main/AndroidManifest.xml:19:9-56
35        android:label="@string/app_name"
35-->src/main/AndroidManifest.xml:20:9-41
36        android:roundIcon="@android:mipmap/sym_def_app_icon"
36-->src/main/AndroidManifest.xml:21:9-61
37        android:supportsRtl="true"
37-->src/main/AndroidManifest.xml:22:9-35
38        android:testOnly="true"
39        android:theme="@style/Theme.AplicacionPRO" >
39-->src/main/AndroidManifest.xml:23:9-51
40        <activity
40-->src/main/AndroidManifest.xml:24:9-34:20
41            android:name="com.example.aplicacionpro.MainActivity"
41-->src/main/AndroidManifest.xml:25:13-41
42            android:exported="true"
42-->src/main/AndroidManifest.xml:26:13-36
43            android:label="@string/app_name"
43-->src/main/AndroidManifest.xml:27:13-45
44            android:theme="@style/Theme.AplicacionPRO" >
44-->src/main/AndroidManifest.xml:28:13-55
45            <intent-filter>
45-->src/main/AndroidManifest.xml:29:13-33:29
46                <action android:name="android.intent.action.MAIN" />
46-->src/main/AndroidManifest.xml:30:17-69
46-->src/main/AndroidManifest.xml:30:25-66
47
48                <category android:name="android.intent.category.LAUNCHER" />
48-->src/main/AndroidManifest.xml:32:17-77
48-->src/main/AndroidManifest.xml:32:27-74
49            </intent-filter>
50        </activity>
51        <activity
51-->[androidx.compose.ui:ui-tooling-android:1.10.4] AndroidManifest.xml:23:9-25:39
52            android:name="androidx.compose.ui.tooling.PreviewActivity"
52-->[androidx.compose.ui:ui-tooling-android:1.10.4] AndroidManifest.xml:24:13-71
53            android:exported="true" />
53-->[androidx.compose.ui:ui-tooling-android:1.10.4] AndroidManifest.xml:25:13-36
54        <activity
54-->[androidx.compose.ui:ui-test-manifest:1.10.4] AndroidManifest.xml:23:9-26:79
55            android:name="androidx.activity.ComponentActivity"
55-->[androidx.compose.ui:ui-test-manifest:1.10.4] AndroidManifest.xml:24:13-63
56            android:exported="true"
56-->[androidx.compose.ui:ui-test-manifest:1.10.4] AndroidManifest.xml:25:13-36
57            android:theme="@android:style/Theme.Material.Light.NoActionBar" />
57-->[androidx.compose.ui:ui-test-manifest:1.10.4] AndroidManifest.xml:26:13-76
58
59        <service
59-->[com.google.firebase:firebase-database-ktx:21.0.0] AndroidManifest.xml:9:9-15:19
60            android:name="com.google.firebase.components.ComponentDiscoveryService"
60-->[com.google.firebase:firebase-database-ktx:21.0.0] AndroidManifest.xml:10:13-84
61            android:directBootAware="true"
61-->[com.google.firebase:firebase-common:21.0.0] AndroidManifest.xml:32:13-43
62            android:exported="false" >
62-->[com.google.firebase:firebase-database-ktx:21.0.0] AndroidManifest.xml:11:13-37
63            <meta-data
63-->[com.google.firebase:firebase-database-ktx:21.0.0] AndroidManifest.xml:12:13-14:85
64                android:name="com.google.firebase.components:com.google.firebase.database.ktx.FirebaseDatabaseLegacyRegistrar"
64-->[com.google.firebase:firebase-database-ktx:21.0.0] AndroidManifest.xml:13:17-127
65                android:value="com.google.firebase.components.ComponentRegistrar" />
65-->[com.google.firebase:firebase-database-ktx:21.0.0] AndroidManifest.xml:14:17-82
66            <meta-data
66-->[com.google.firebase:firebase-database:21.0.0] AndroidManifest.xml:29:13-31:85
67                android:name="com.google.firebase.components:com.google.firebase.database.FirebaseDatabaseKtxRegistrar"
67-->[com.google.firebase:firebase-database:21.0.0] AndroidManifest.xml:30:17-120
68                android:value="com.google.firebase.components.ComponentRegistrar" />
68-->[com.google.firebase:firebase-database:21.0.0] AndroidManifest.xml:31:17-82
69            <meta-data
69-->[com.google.firebase:firebase-database:21.0.0] AndroidManifest.xml:32:13-34:85
70                android:name="com.google.firebase.components:com.google.firebase.database.DatabaseRegistrar"
70-->[com.google.firebase:firebase-database:21.0.0] AndroidManifest.xml:33:17-109
71                android:value="com.google.firebase.components.ComponentRegistrar" />
71-->[com.google.firebase:firebase-database:21.0.0] AndroidManifest.xml:34:17-82
72            <meta-data
72-->[com.google.firebase:firebase-common-ktx:21.0.0] AndroidManifest.xml:12:13-14:85
73                android:name="com.google.firebase.components:com.google.firebase.ktx.FirebaseCommonLegacyRegistrar"
73-->[com.google.firebase:firebase-common-ktx:21.0.0] AndroidManifest.xml:13:17-116
74                android:value="com.google.firebase.components.ComponentRegistrar" />
74-->[com.google.firebase:firebase-common-ktx:21.0.0] AndroidManifest.xml:14:17-82
75            <meta-data
75-->[com.google.firebase:firebase-common:21.0.0] AndroidManifest.xml:35:13-37:85
76                android:name="com.google.firebase.components:com.google.firebase.FirebaseCommonKtxRegistrar"
76-->[com.google.firebase:firebase-common:21.0.0] AndroidManifest.xml:36:17-109
77                android:value="com.google.firebase.components.ComponentRegistrar" />
77-->[com.google.firebase:firebase-common:21.0.0] AndroidManifest.xml:37:17-82
78        </service>
79
80        <activity
80-->[com.google.android.gms:play-services-base:18.5.0] AndroidManifest.xml:5:9-173
81            android:name="com.google.android.gms.common.api.GoogleApiActivity"
81-->[com.google.android.gms:play-services-base:18.5.0] AndroidManifest.xml:5:19-85
82            android:exported="false"
82-->[com.google.android.gms:play-services-base:18.5.0] AndroidManifest.xml:5:146-170
83            android:theme="@android:style/Theme.Translucent.NoTitleBar" />
83-->[com.google.android.gms:play-services-base:18.5.0] AndroidManifest.xml:5:86-145
84
85        <provider
85-->[com.google.firebase:firebase-common:21.0.0] AndroidManifest.xml:23:9-28:39
86            android:name="com.google.firebase.provider.FirebaseInitProvider"
86-->[com.google.firebase:firebase-common:21.0.0] AndroidManifest.xml:24:13-77
87            android:authorities="com.example.aplicacionpro.firebaseinitprovider"
87-->[com.google.firebase:firebase-common:21.0.0] AndroidManifest.xml:25:13-72
88            android:directBootAware="true"
88-->[com.google.firebase:firebase-common:21.0.0] AndroidManifest.xml:26:13-43
89            android:exported="false"
89-->[com.google.firebase:firebase-common:21.0.0] AndroidManifest.xml:27:13-37
90            android:initOrder="100" />
90-->[com.google.firebase:firebase-common:21.0.0] AndroidManifest.xml:28:13-36
91        <provider
91-->[androidx.emoji2:emoji2:1.4.0] AndroidManifest.xml:24:9-32:20
92            android:name="androidx.startup.InitializationProvider"
92-->[androidx.emoji2:emoji2:1.4.0] AndroidManifest.xml:25:13-67
93            android:authorities="com.example.aplicacionpro.androidx-startup"
93-->[androidx.emoji2:emoji2:1.4.0] AndroidManifest.xml:26:13-68
94            android:exported="false" >
94-->[androidx.emoji2:emoji2:1.4.0] AndroidManifest.xml:27:13-37
95            <meta-data
95-->[androidx.emoji2:emoji2:1.4.0] AndroidManifest.xml:29:13-31:52
96                android:name="androidx.emoji2.text.EmojiCompatInitializer"
96-->[androidx.emoji2:emoji2:1.4.0] AndroidManifest.xml:30:17-75
97                android:value="androidx.startup" />
97-->[androidx.emoji2:emoji2:1.4.0] AndroidManifest.xml:31:17-49
98            <meta-data
98-->[androidx.lifecycle:lifecycle-process:2.9.4] AndroidManifest.xml:29:13-31:52
99                android:name="androidx.lifecycle.ProcessLifecycleInitializer"
99-->[androidx.lifecycle:lifecycle-process:2.9.4] AndroidManifest.xml:30:17-78
100                android:value="androidx.startup" />
100-->[androidx.lifecycle:lifecycle-process:2.9.4] AndroidManifest.xml:31:17-49
101            <meta-data
101-->[androidx.profileinstaller:profileinstaller:1.4.0] AndroidManifest.xml:29:13-31:52
102                android:name="androidx.profileinstaller.ProfileInstallerInitializer"
102-->[androidx.profileinstaller:profileinstaller:1.4.0] AndroidManifest.xml:30:17-85
103                android:value="androidx.startup" />
103-->[androidx.profileinstaller:profileinstaller:1.4.0] AndroidManifest.xml:31:17-49
104        </provider>
105
106        <uses-library
106-->[androidx.window:window:1.5.0] AndroidManifest.xml:23:9-25:40
107            android:name="androidx.window.extensions"
107-->[androidx.window:window:1.5.0] AndroidManifest.xml:24:13-54
108            android:required="false" />
108-->[androidx.window:window:1.5.0] AndroidManifest.xml:25:13-37
109        <uses-library
109-->[androidx.window:window:1.5.0] AndroidManifest.xml:26:9-28:40
110            android:name="androidx.window.sidecar"
110-->[androidx.window:window:1.5.0] AndroidManifest.xml:27:13-51
111            android:required="false" />
111-->[androidx.window:window:1.5.0] AndroidManifest.xml:28:13-37
112
113        <meta-data
113-->[com.google.android.gms:play-services-basement:18.9.0] AndroidManifest.xml:21:9-23:69
114            android:name="com.google.android.gms.version"
114-->[com.google.android.gms:play-services-basement:18.9.0] AndroidManifest.xml:22:13-58
115            android:value="@integer/google_play_services_version" />
115-->[com.google.android.gms:play-services-basement:18.9.0] AndroidManifest.xml:23:13-66
116
117        <receiver
117-->[androidx.profileinstaller:profileinstaller:1.4.0] AndroidManifest.xml:34:9-52:20
118            android:name="androidx.profileinstaller.ProfileInstallReceiver"
118-->[androidx.profileinstaller:profileinstaller:1.4.0] AndroidManifest.xml:35:13-76
119            android:directBootAware="false"
119-->[androidx.profileinstaller:profileinstaller:1.4.0] AndroidManifest.xml:36:13-44
120            android:enabled="true"
120-->[androidx.profileinstaller:profileinstaller:1.4.0] AndroidManifest.xml:37:13-35
121            android:exported="true"
121-->[androidx.profileinstaller:profileinstaller:1.4.0] AndroidManifest.xml:38:13-36
122            android:permission="android.permission.DUMP" >
122-->[androidx.profileinstaller:profileinstaller:1.4.0] AndroidManifest.xml:39:13-57
123            <intent-filter>
123-->[androidx.profileinstaller:profileinstaller:1.4.0] AndroidManifest.xml:40:13-42:29
124                <action android:name="androidx.profileinstaller.action.INSTALL_PROFILE" />
124-->[androidx.profileinstaller:profileinstaller:1.4.0] AndroidManifest.xml:41:17-91
124-->[androidx.profileinstaller:profileinstaller:1.4.0] AndroidManifest.xml:41:25-88
125            </intent-filter>
126            <intent-filter>
126-->[androidx.profileinstaller:profileinstaller:1.4.0] AndroidManifest.xml:43:13-45:29
127                <action android:name="androidx.profileinstaller.action.SKIP_FILE" />
127-->[androidx.profileinstaller:profileinstaller:1.4.0] AndroidManifest.xml:44:17-85
127-->[androidx.profileinstaller:profileinstaller:1.4.0] AndroidManifest.xml:44:25-82
128            </intent-filter>
129            <intent-filter>
129-->[androidx.profileinstaller:profileinstaller:1.4.0] AndroidManifest.xml:46:13-48:29
130                <action android:name="androidx.profileinstaller.action.SAVE_PROFILE" />
130-->[androidx.profileinstaller:profileinstaller:1.4.0] AndroidManifest.xml:47:17-88
130-->[androidx.profileinstaller:profileinstaller:1.4.0] AndroidManifest.xml:47:25-85
131            </intent-filter>
132            <intent-filter>
132-->[androidx.profileinstaller:profileinstaller:1.4.0] AndroidManifest.xml:49:13-51:29
133                <action android:name="androidx.profileinstaller.action.BENCHMARK_OPERATION" />
133-->[androidx.profileinstaller:profileinstaller:1.4.0] AndroidManifest.xml:50:17-95
133-->[androidx.profileinstaller:profileinstaller:1.4.0] AndroidManifest.xml:50:25-92
134            </intent-filter>
135        </receiver>
136    </application>
137
138</manifest>